01/22/2021 13:13 | Armory_Expanded | 0h 2m 50s
01/22/2021 13:19 | Armory_Expanded | 0h 3m 45s
01/22/2021 13:25 | Armory_Expanded | 0h 4m 0s
01/22/2021 13:29 | Armory_Expanded | 0h 3m 57s
01/22/2021 13:34 | Armory_Expanded | 0h 2m 36s
01/22/2021 13:37 | Armory_Expanded | 0h 2m 29s
01/22/2021 13:41 | Armory_Expanded | 0h 2m 54s
01/22/2021 13:49 | Armory_Expanded | 0h 2m 8s
01/22/2021 13:57 | Armory_Expanded | 0h 1m 37s
01/22/2021 14:01 | Armory_Expanded | 0h 1m 44s
01/22/2021 14:06 | Armory_Expanded | 0h 2m 33s
01/22/2021 14:10 | Armory_Expanded | 0h 2m 15s
01/22/2021 14:13 | Armory_Expanded | 0h 2m 8s
01/22/2021 14:17 | Armory_Expanded | 0h 3m 35s
01/22/2021 14:25 | Armory_Expanded | 0h 5m 9s
01/22/2021 14:39 | Armory_Expanded | 0h 5m 18s
01/22/2021 14:52 | Armory_Expanded | 0h 5m 11s
01/22/2021 15:36 | Armory_Expanded | 0h 5m 32s
01/22/2021 16:01 | Armory_Expanded | 0h 4m 36s
01/22/2021 16:09 | Armory_Expanded | 0h 0m 29s
01/23/2021 11:26 | Armory_Expanded | 0h 2m 44s
01/23/2021 11:33 | Armory_Expanded | 0h 2m 14s
01/23/2021 11:43 | Armory_Expanded | 0h 7m 55s
01/23/2021 14:36 | Armory_Expanded | 0h 0m 57s
01/23/2021 14:38 | Armory_Expanded | 0h 0m 45s
01/23/2021 14:40 | Armory_Expanded | 0h 0m 49s
01/23/2021 14:48 | Armory_Expanded | 0h 1m 54s
01/23/2021 14:53 | Armory_Expanded | 0h 4m 56s
01/23/2021 15:06 | Armory_Expanded | 0h 7m 20s
01/23/2021 15:17 | Armory_Expanded | 0h 8m 25s
01/23/2021 16:04 | Armory_Expanded | 0h 1m 58s
01/23/2021 16:13 | Armory_Expanded | 0h 8m 26s
01/25/2021 16:37 | Armory_Expanded | 0h 7m 32s
01/25/2021 16:45 | Armory_Expanded | 0h 7m 22s
01/26/2021 13:05 | Arena | 0h 0m 48s
01/26/2021 13:08 | Arena | 0h 0m 51s
01/26/2021 13:10 | Arena | 0h 0m 30s
01/26/2021 13:11 | Arena | 0h 0m 45s
01/26/2021 13:17 | Arena | 0h 4m 18s
01/26/2021 13:19 | Arena | 0h 0m 45s
01/26/2021 13:21 | Arena | 0h 0m 44s
01/26/2021 13:22 | Arena | 0h 0m 44s
01/26/2021 13:23 | Arena | 0h 0m 51s
01/26/2021 13:25 | Arena | 0h 0m 54s
01/26/2021 13:28 | Arena | 0h 0m 55s
01/26/2021 13:30 | Arena | 0h 0m 55s
01/26/2021 13:31 | Arena | 0h 0m 55s
01/26/2021 13:34 | Arena | 0h 0m 50s
01/26/2021 13:36 | Arena | 0h 0m 38s
01/26/2021 13:37 | Arena | 0h 0m 48s
01/26/2021 13:39 | Arena | 0h 0m 48s
01/26/2021 13:40 | Arena | 0h 0m 42s
01/26/2021 13:41 | Arena | 0h 0m 42s
01/26/2021 13:44 | Arena | 0h 1m 57s
01/26/2021 13:55 | Arena | 0h 8m 31s
01/26/2021 14:05 | Arena | 0h 8m 23s
01/29/2021 16:23 | Arena | 0h 9m 40s
01/29/2021 16:33 | Arena | 0h 9m 43s
01/31/2021 11:47 | Gate | 0h 4m 23s
01/31/2021 12:00 | Gate | 0h 9m 12s
01/31/2021 12:10 | Gate | 0h 7m 41s
01/31/2021 12:31 | Gate | 0h 7m 21s
02/01/2021 16:10 | Gate | 0h 1m 18s
02/01/2021 16:14 | Gate | 0h 1m 16s
02/01/2021 16:18 | Gate | 0h 2m 50s
02/01/2021 16:29 | Gate | 0h 9m 17s
02/01/2021 16:36 | Gate | 0h 0m 30s
02/01/2021 16:38 | Gate | 0h 1m 52s
02/01/2021 16:52 | Gate | 0h 13m 23s
02/05/2021 13:44 | Arena | 0h 0m 58s
02/05/2021 13:45 | Arena | 0h 0m 45s
02/05/2021 13:55 | Arena | 0h 9m 19s
02/05/2021 14:17 | Arena | 0h 13m 31s
02/07/2021 11:52 | Arena | 0h 11m 2s
02/07/2021 13:04 | Arena | 0h 44m 41s
02/07/2021 13:32 | Arena | 0h 14m 4s
02/07/2021 13:47 | Arena | 0h 3m 53s
02/07/2021 14:01 | Arena | 0h 12m 25s
02/08/2021 15:30 | Arena | 0h 23m 47s
02/14/2021 13:24 | Arena | 0h 5m 34s
02/14/2021 13:38 | Arena | 0h 5m 37s
02/22/2021 12:15 | Arena | 0h 3m 23s
02/22/2021 12:38 | Arena | 0h 20m 22s
02/28/2021 12:37 | Armory_Expanded | 0h 1m 58s
02/28/2021 12:43 | Armory_Expanded | 0h 1m 45s
02/28/2021 12:46 | Armory_Expanded | 0h 1m 33s
02/28/2021 13:07 | Armory_Expanded | 0h 1m 20s
02/28/2021 13:11 | Armory_Expanded | 0h 2m 26s
02/28/2021 13:22 | Armory_Expanded | 0h 2m 42s
02/28/2021 13:52 | Armory_Expanded | 0h 4m 33s
02/28/2021 13:57 | Armory_Expanded | 0h 1m 18s
02/28/2021 14:02 | Armory_Expanded | 0h 1m 18s
02/28/2021 14:22 | Armory_Expanded | 0h 1m 18s
02/28/2021 15:58 | Arena | 0h 2m 11s
02/28/2021 16:02 | Arena | 0h 2m 36s
02/28/2021 16:04 | Arena | 0h 1m 9s
02/28/2021 16:12 | Arena | 0h 3m 1s
02/28/2021 16:19 | Arena | 0h 3m 53s
03/07/2021 14:28 | Arena | 0h 5m 1s
03/07/2021 14:33 | Arena | 0h 4m 0s
03/09/2021 13:25 | Arena | 0h 16m 53s
03/09/2021 13:39 | Arena | 0h 11m 51s
03/13/2021 13:35 | Arena | 0h 2m 56s
03/13/2021 13:45 | Arena | 0h 4m 19s
03/13/2021 14:02 | Arena | 0h 1m 27s
03/23/2021 11:56 | Arena | 0h 1m 30s
03/23/2021 12:05 | Arena | 0h 5m 4s
03/23/2021 12:20 | Arena | 0h 12m 14s
03/23/2021 15:40 | Arena | 0h 31m 41s
03/26/2021 15:24 | Arena | 0h 8m 42s
03/26/2021 15:33 | Arena | 0h 3m 5s
03/26/2021 15:38 | Arena | 0h 2m 45s
03/26/2021 15:43 | Arena | 0h 2m 42s
03/26/2021 15:46 | Arena | 0h 2m 41s
03/26/2021 15:58 | Arena | 0h 5m 55s
03/28/2021 11:49 | Arena | 0h 6m 17s
03/28/2021 12:05 | Arena | 0h 8m 9s
03/28/2021 12:35 | Arena | 0h 2m 22s
03/28/2021 12:39 | Arena | 0h 2m 19s
03/28/2021 12:43 | Arena | 0h 2m 15s
03/28/2021 13:02 | Arena_level_00 | 0h 5m 25s
03/28/2021 13:09 | Arena_level_00 | 0h 4m 33s
03/28/2021 13:16 | Arena_level_00 | 0h 4m 22s
03/28/2021 13:22 | Arena_level_00 | 0h 4m 29s
03/28/2021 13:29 | Arena_level_00 | 0h 5m 33s
03/28/2021 13:36 | Arena_level_00 | 0h 5m 25s
03/28/2021 13:44 | Arena_Container | 0h 2m 10s
03/28/2021 13:46 | Arena_Container | 0h 1m 50s
03/28/2021 13:49 | Arena_Container | 0h 1m 37s
03/28/2021 13:53 | Arena_Container | 0h 1m 41s
03/28/2021 13:58 | Arena_level_02 | 0h 0m 24s
03/28/2021 13:59 | Arena_level_02 | 0h 0m 27s
03/28/2021 14:47 | Arena_Container | 0h 4m 58s
03/28/2021 14:53 | Arena_Container | 0h 4m 24s
06/26/2021 01:05 | __Cody_Arena_Gameloop | 0h 2m 6s
06/26/2021 01:08 | __Cody_Arena_Gameloop | 0h 2m 12s
07/11/2021 16:20 | __Cody_Armory | 0h 1m 6s
07/11/2021 16:23 | __Cody_Armory | 0h 1m 8s
07/11/2021 16:29 | __Cody_Armory | 0h 1m 10s
07/11/2021 16:42 | __Cody_Armory | 0h 4m 4s
07/11/2021 21:01 | __Cody_Armory | 0h 4m 13s
07/11/2021 21:24 | __Cody_Armory | 0h 3m 51s
07/11/2021 22:48 | __Cody_Arena_Refresh | 0h 7m 29s
07/11/2021 23:03 | __Cody_Arena_Refresh | 0h 2m 6s
07/12/2021 00:20 | __Cody_Arena_Refresh | 0h 2m 11s
07/12/2021 00:39 | __Cody_Arena_Refresh | 0h 8m 16s
07/12/2021 01:35 | __Cody_Arena_Refresh | 0h 8m 34s
07/14/2021 14:51 | __Cody_Arena_Refresh | 0h 8m 7s
07/14/2021 15:45 | __Cody_Arena_Refresh | 0h 2m 17s
07/14/2021 15:51 | __Cody_Arena_Refresh | 0h 2m 9s
07/14/2021 16:27 | __Cody_Arena_Refresh | 0h 3m 4s
07/14/2021 16:32 | __Cody_Arena_Refresh | 0h 2m 38s
07/14/2021 18:19 | __Cody_Arena_Refresh | 0h 2m 12s
07/14/2021 18:24 | __Cody_Arena_Refresh | 0h 2m 12s
07/14/2021 18:28 | __Cody_Arena_Refresh | 0h 2m 13s
07/14/2021 18:35 | __Cody_Arena_Refresh | 0h 2m 13s
07/14/2021 18:38 | __Cody_Arena_Refresh | 0h 2m 12s
07/14/2021 18:41 | __Cody_Arena_Refresh | 0h 2m 12s
07/14/2021 18:49 | __Cody_Arena_Refresh | 0h 2m 12s
07/14/2021 18:53 | __Cody_Arena_Refresh | 0h 2m 11s
07/14/2021 19:02 | __Cody_Arena_Refresh | 0h 2m 12s
07/14/2021 19:10 | __Cody_Arena_Refresh | 0h 2m 11s
07/14/2021 19:16 | __Cody_Arena_Refresh | 0h 2m 11s
07/14/2021 19:27 | __Cody_Arena_Refresh | 0h 2m 0s
07/14/2021 19:33 | __Cody_Arena_Refresh | 0h 2m 1s
07/14/2021 19:41 | __Cody_Arena_Refresh | 0h 2m 12s
07/14/2021 19:50 | __Cody_Arena_Refresh | 0h 2m 14s
07/14/2021 20:00 | __Cody_Arena_Refresh | 0h 1m 59s
07/14/2021 20:10 | __Cody_Arena_Refresh | 0h 2m 0s
07/14/2021 20:15 | __Cody_Arena_Refresh | 0h 2m 2s
07/14/2021 20:19 | __Cody_Arena_Refresh | 0h 2m 2s
07/14/2021 20:50 | __Cody_Arena_Refresh | 0h 2m 5s
